2025-03-22 22:58:33: [undefined]: info: Succefully started the server
2025-03-22 22:59:23:  info: Succefully started the server
2025-03-22 23:00:42:  info: Succefully started the server
2025-03-22 23:03:31:  info: Succefully started the server: undefined
2025-03-22 23:05:43:  info: Succefully started the server: undefined
2025-03-22 23:28:33:  info: Succefully started the server: undefined
2025-03-23 14:20:15:  info: Succefully started the server: undefined
2025-03-27 20:08:11:  info: Succefully started the server: undefined
2025-03-27 20:12:05:  info: Succefully started the server
2025-03-27 20:12:16:  info: Succefully started the server
2025-05-09 19:57:09:  info: Succefully started the server
2025-05-09 19:58:11:  info: Succefully started the server
2025-05-09 19:58:14:  info: Succefully started the server
2025-05-09 19:58:16:  info: Succefully started the server
2025-05-09 19:58:18:  info: Succefully started the server
2025-05-09 19:58:20:  info: Succefully started the server
2025-05-09 19:58:24:  info: Succefully started the server
2025-05-09 19:58:27:  info: Succefully started the server
2025-05-09 19:58:28:  info: Succefully started the server
2025-05-09 19:58:30:  info: Succefully started the server
2025-05-09 19:58:33:  info: Succefully started the server
2025-05-09 19:58:34:  info: Succefully started the server
2025-05-09 19:59:18:  info: Succefully started the server
2025-05-09 19:59:21:  info: Succefully started the server
2025-05-09 19:59:22:  info: Succefully started the server
2025-05-09 19:59:26:  info: Succefully started the server
2025-05-09 19:59:31:  info: Succefully started the server
2025-05-09 19:59:40:  info: Succefully started the server
2025-05-09 19:59:42:  info: Succefully started the server
2025-05-09 19:59:44:  info: Succefully started the server
2025-05-09 19:59:47:  info: Succefully started the server
2025-05-09 19:59:49:  info: Succefully started the server
2025-05-09 19:59:51:  info: Succefully started the server
2025-05-09 19:59:52:  info: Succefully started the server
2025-05-09 20:00:23:  info: Succefully started the server
2025-05-09 20:00:40:  info: Succefully started the server
2025-05-09 20:00:45:  info: Succefully started the server
2025-05-09 20:00:58:  info: Succefully started the server
2025-05-09 20:00:59:  info: Succefully started the server
2025-05-09 20:01:02:  info: Succefully started the server
2025-05-09 20:01:06:  info: Succefully started the server
2025-05-09 20:01:08:  info: Succefully started the server
2025-05-09 20:01:10:  info: Succefully started the server
2025-05-09 20:01:13:  info: Succefully started the server
2025-05-09 20:02:15:  info: Succefully started the server
2025-05-09 20:02:51:  info: Succefully started the server
2025-05-09 20:03:36:  info: Succefully started the server
2025-05-09 20:03:37:  info: Succefully started the server
2025-05-09 20:03:40:  info: Succefully started the server
2025-05-09 20:03:43:  info: Succefully started the server
2025-05-09 20:03:44:  info: Succefully started the server
2025-05-09 20:03:50:  info: Succefully started the server
2025-05-09 20:03:51:  info: Succefully started the server
2025-05-09 20:03:52:  info: Succefully started the server
2025-05-09 20:03:56:  info: Succefully started the server
2025-05-09 20:03:57:  info: Succefully started the server
2025-05-09 20:04:01:  info: Succefully started the server
2025-05-09 20:04:03:  info: Succefully started the server
2025-05-09 20:04:05:  info: Succefully started the server
2025-05-09 20:04:14:  info: Succefully started the server
2025-05-09 20:04:18:  info: Succefully started the server
2025-05-09 20:04:21:  info: Succefully started the server
2025-05-09 20:04:25:  info: Succefully started the server
2025-05-09 20:04:29:  info: Succefully started the server
2025-05-09 20:04:30:  info: Succefully started the server
2025-05-09 20:04:32:  info: Succefully started the server
2025-05-09 20:04:34:  info: Succefully started the server
2025-05-09 20:04:38:  info: Succefully started the server
2025-05-09 20:04:41:  info: Succefully started the server
2025-05-09 20:04:44:  info: Succefully started the server
2025-05-09 20:04:54:  info: Succefully started the server
2025-05-09 20:04:56:  info: Succefully started the server
2025-05-09 20:04:57:  info: Succefully started the server
2025-05-09 20:04:58:  info: Succefully started the server
2025-05-09 20:05:01:  info: Succefully started the server
2025-05-09 20:05:07:  info: Succefully started the server
2025-05-09 20:05:08:  info: Succefully started the server
2025-05-09 20:05:11:  info: Succefully started the server
2025-05-09 20:05:13:  info: Succefully started the server
2025-05-09 20:05:46:  info: Succefully started the server
2025-05-09 20:14:31:  info: Succefully started the server
2025-05-09 20:15:16:  info: Succefully started the server
2025-05-09 20:15:19:  info: Succefully started the server
2025-05-09 20:15:25:  info: Succefully started the server
2025-05-09 20:16:21:  info: Succefully started the server
2025-05-09 20:16:22:  info: Succefully started the server
2025-05-09 20:16:59:  info: Succefully started the server
2025-05-09 20:17:08:  info: Succefully started the server
2025-05-09 20:17:11:  info: Succefully started the server
2025-05-09 20:17:15:  info: Succefully started the server
2025-05-09 20:17:23:  info: Succefully started the server
2025-05-09 20:17:24:  info: Succefully started the server
2025-05-09 20:17:27:  info: Succefully started the server
2025-05-09 20:17:30:  info: Succefully started the server
2025-05-09 20:17:32:  info: Succefully started the server
2025-05-09 20:17:33:  info: Succefully started the server
2025-05-09 20:17:37:  info: Succefully started the server
2025-05-09 20:17:39:  info: Succefully started the server
2025-05-09 20:17:40:  info: Succefully started the server
2025-05-09 20:17:44:  info: Succefully started the server
2025-05-09 20:17:50:  info: Succefully started the server
2025-05-09 20:18:15:  info: Succefully started the server
2025-05-09 20:18:18:  info: Succefully started the server
2025-05-09 20:18:31:  info: Succefully started the server
2025-05-09 20:18:39:  info: Succefully started the server
2025-05-09 20:18:40:  info: Succefully started the server
2025-05-09 20:18:41:  info: Succefully started the server
2025-05-09 20:18:43:  info: Succefully started the server
2025-05-09 20:18:48:  info: Succefully started the server
2025-05-09 20:18:51:  info: Succefully started the server
2025-05-09 20:18:56:  info: Succefully started the server
2025-05-09 20:18:58:  info: Succefully started the server
2025-05-09 20:19:04:  info: Succefully started the server
2025-05-09 20:19:05:  info: Succefully started the server
2025-05-09 20:19:10:  info: Succefully started the server
2025-05-09 20:19:11:  info: Succefully started the server
2025-05-09 20:19:16:  info: Succefully started the server
2025-05-09 20:19:19:  info: Succefully started the server
2025-05-09 20:19:23:  info: Succefully started the server
2025-05-09 20:19:50:  info: Succefully started the server
2025-05-09 20:20:02:  info: Succefully started the server
2025-05-09 20:20:12:  info: Succefully started the server
2025-05-09 20:20:16:  info: Succefully started the server
2025-05-09 20:20:35:  info: Succefully started the server
2025-05-09 20:20:36:  info: Succefully started the server
2025-05-09 20:20:39:  info: Succefully started the server
2025-05-09 20:20:41:  info: Succefully started the server
2025-05-09 20:20:43:  info: Succefully started the server
2025-05-09 20:20:47:  info: Succefully started the server
2025-05-09 20:20:48:  info: Succefully started the server
2025-05-09 20:20:52:  info: Succefully started the server
2025-05-09 20:20:53:  info: Succefully started the server
2025-05-09 20:20:56:  info: Succefully started the server
2025-05-09 20:20:59:  info: Succefully started the server
2025-05-09 20:21:01:  info: Succefully started the server
2025-05-09 20:21:02:  info: Succefully started the server
2025-05-09 20:21:12:  info: Succefully started the server
2025-05-09 20:21:37:  info: Succefully started the server
2025-05-09 20:21:42:  info: Succefully started the server
2025-05-09 20:21:51:  info: Succefully started the server
2025-05-09 20:21:59:  info: Succefully started the server
2025-05-09 20:22:01:  info: Succefully started the server
2025-05-09 20:22:03:  info: Succefully started the server
2025-05-09 20:22:05:  info: Succefully started the server
2025-05-09 20:22:06:  info: Succefully started the server
2025-05-09 20:22:07:  info: Succefully started the server
2025-05-09 20:22:09:  info: Succefully started the server
2025-05-09 20:22:21:  info: Succefully started the server
2025-05-09 20:22:29:  info: Succefully started the server
2025-05-09 20:22:35:  info: Succefully started the server
2025-05-09 20:22:46:  info: Succefully started the server
2025-05-09 20:22:52:  info: Succefully started the server
2025-05-09 20:23:00:  info: Succefully started the server
2025-05-09 20:23:26:  info: Succefully started the server
2025-05-09 20:23:28:  info: Succefully started the server
2025-05-09 20:23:30:  info: Succefully started the server
2025-05-09 20:23:32:  info: Succefully started the server
2025-05-09 20:23:33:  info: Succefully started the server
2025-05-09 20:23:35:  info: Succefully started the server
2025-05-09 20:23:36:  info: Succefully started the server
2025-05-09 20:23:42:  info: Succefully started the server
2025-05-09 20:23:51:  info: Succefully started the server
2025-05-09 20:24:02:  info: Succefully started the server
2025-05-09 20:24:07:  info: Succefully started the server
2025-05-09 20:24:09:  info: Succefully started the server
2025-05-09 20:24:20:  info: Succefully started the server
2025-05-09 20:24:23:  info: Succefully started the server
2025-05-09 20:24:59:  info: Succefully started the server
2025-05-09 20:25:03:  info: Succefully started the server
2025-05-09 20:25:08:  info: Succefully started the server
2025-05-09 20:25:15:  info: Succefully started the server
2025-05-09 20:25:17:  info: Succefully started the server
2025-05-09 20:25:18:  info: Succefully started the server
2025-05-09 20:25:20:  info: Succefully started the server
2025-05-09 20:25:21:  info: Succefully started the server
2025-05-09 20:25:22:  info: Succefully started the server
2025-05-09 20:26:00:  info: Succefully started the server
2025-05-09 20:26:03:  info: Succefully started the server
2025-05-09 20:26:25:  info: Succefully started the server
2025-05-09 20:26:28:  info: Succefully started the server
2025-05-09 20:26:29:  info: Succefully started the server
2025-05-09 20:26:48:  info: Succefully started the server
2025-05-09 20:26:55:  info: Succefully started the server
2025-05-09 20:26:57:  info: Succefully started the server
2025-05-09 20:26:59:  info: Succefully started the server
2025-05-09 20:27:06:  info: Succefully started the server
2025-05-09 20:27:09:  info: Succefully started the server
2025-05-09 20:27:11:  info: Succefully started the server
2025-05-09 20:27:14:  info: Succefully started the server
2025-05-09 20:27:38:  info: Succefully started the server
2025-05-09 20:27:44:  info: Succefully started the server
2025-05-09 20:27:55:  info: Succefully started the server
2025-05-09 20:27:56:  info: Succefully started the server
2025-05-09 20:27:58:  info: Succefully started the server
2025-05-09 20:29:17:  info: Succefully started the server
2025-05-09 20:29:27:  info: Succefully started the server
2025-05-09 20:29:35:  info: Succefully started the server
2025-05-09 20:29:41:  info: Succefully started the server
2025-05-09 21:58:17:  info: Succefully started the server
2025-05-09 21:59:13:  info: Successfully started the server
2025-05-09 21:59:17:  info: Successfully started the server
2025-05-09 22:06:46:  info: Successfully started the server
2025-05-09 22:06:54:  info: Successfully started the server
2025-05-09 22:07:03:  info: Successfully started the server
2025-05-09 22:07:17:  info: Successfully started the server
2025-05-09 22:07:20:  info: Successfully started the server
2025-05-09 22:07:23:  info: Successfully started the server
2025-05-09 22:07:26:  info: Successfully started the server
2025-05-09 22:07:28:  info: Successfully started the server
2025-05-09 22:07:31:  info: Successfully started the server
2025-05-09 22:07:32:  info: Successfully started the server
2025-05-09 22:07:33:  info: Successfully started the server
2025-05-09 22:07:53:  info: Successfully started the server
2025-05-09 22:07:57:  info: Successfully started the server
2025-05-09 22:07:59:  info: Successfully started the server
2025-05-09 22:08:01:  info: Successfully started the server
2025-05-09 22:08:07:  info: Successfully started the server
2025-05-09 22:10:38:  info: Successfully started the server
2025-05-09 22:10:39:  info: Successfully started the server
2025-05-09 22:10:40:  info: Successfully started the server
2025-05-09 22:10:48:  info: Successfully started the server
2025-05-09 22:10:50:  info: Successfully started the server
2025-05-09 22:10:53:  info: Successfully started the server
2025-05-09 22:11:12:  info: Successfully started the server
2025-05-09 22:11:24:  info: Successfully started the server
2025-05-09 22:11:25:  info: Successfully started the server
2025-05-09 22:11:30:  info: Successfully started the server
2025-05-09 22:11:32:  info: Successfully started the server
2025-05-09 22:11:34:  info: Successfully started the server
2025-05-09 22:11:38:  info: Successfully started the server
2025-05-09 22:11:43:  info: Successfully started the server
2025-05-09 22:11:45:  info: Successfully started the server
2025-05-09 22:11:47:  info: Successfully started the server
2025-05-09 22:11:48:  info: Successfully started the server
2025-05-09 22:11:49:  info: Successfully started the server
2025-05-09 22:11:51:  info: Successfully started the server
2025-05-09 22:11:53:  info: Successfully started the server
2025-05-09 22:12:09:  info: Successfully started the server
2025-05-09 22:12:15:  info: Successfully started the server
2025-05-09 22:25:20:  info: Successfully started the server
2025-05-09 22:25:23:  info: Successfully started the server
2025-05-09 22:27:36:  info: Successfully started the server
2025-05-09 22:27:40:  info: Successfully started the server
2025-05-09 22:30:31:  info: Successfully started the server
2025-05-09 22:31:52:  info: Successfully started the server
2025-05-09 22:32:17:  info: Successfully started the server
2025-05-09 22:32:22:  info: Successfully started the server
2025-05-09 22:33:16:  info: Successfully started the server
2025-05-09 22:33:18:  info: Successfully started the server
2025-05-09 22:33:22:  info: Successfully started the server
2025-05-09 22:33:24:  info: Successfully started the server
2025-05-09 22:33:26:  info: Successfully started the server
2025-05-09 22:33:30:  info: Successfully started the server
2025-05-09 22:33:33:  info: Successfully started the server
2025-05-09 22:34:39:  info: Successfully started the server
2025-05-09 22:34:49:  info: Successfully started the server
2025-05-09 22:34:53:  info: Successfully started the server
2025-05-09 22:34:55:  info: Successfully started the server
2025-05-09 22:34:56:  info: Successfully started the server
2025-05-09 22:34:58:  info: Successfully started the server
2025-05-09 22:34:59:  info: Successfully started the server
2025-05-09 22:35:01:  info: Successfully started the server
2025-05-09 22:35:02:  info: Successfully started the server
2025-05-09 22:35:04:  info: Successfully started the server
2025-05-09 22:35:17:  info: Successfully started the server
2025-05-09 22:36:46:  info: Successfully started the server
2025-05-09 22:36:48:  info: Successfully started the server
2025-05-09 22:36:50:  info: Successfully started the server
2025-05-09 22:36:55:  info: Successfully started the server
2025-05-09 22:37:42:  info: Successfully started the server
2025-05-09 22:37:44:  info: Successfully started the server
2025-05-09 22:37:48:  info: Successfully started the server
2025-05-09 22:37:51:  info: Successfully started the server
2025-05-09 22:38:04:  info: Successfully started the server
2025-05-09 22:38:17:  info: Successfully started the server
2025-05-09 22:38:29:  info: Successfully started the server
2025-05-09 22:39:07:  info: Successfully started the server
2025-05-09 22:39:12:  info: Successfully started the server
2025-05-09 22:39:19:  info: Successfully started the server
2025-05-09 22:40:01:  info: Successfully started the server
2025-05-09 22:40:05:  info: Successfully started the server
2025-05-09 22:40:07:  info: Successfully started the server
2025-05-09 22:41:34:  info: Successfully started the server
2025-05-09 22:41:38:  info: Successfully started the server
2025-05-09 22:41:41:  info: Successfully started the server
2025-05-09 22:42:23:  info: Successfully started the server
2025-05-09 22:42:28:  info: Successfully started the server
2025-05-09 22:43:23:  info: Successfully started the server
2025-05-09 22:43:59:  info: Successfully started the server
2025-05-09 22:45:10:  info: Successfully started the server
2025-05-09 22:45:20:  info: Successfully started the server
2025-05-09 22:45:36:  info: Successfully started the server
2025-05-09 22:45:38:  info: Successfully started the server
2025-05-09 22:45:41:  info: Successfully started the server
2025-05-09 22:47:36:  info: Successfully started the server
2025-05-09 22:47:36:  error: Error while connecting to MongoDB
2025-05-09 22:47:48:  info: Successfully started the server
2025-05-09 22:47:51:  info: Successfully started the server
2025-05-09 22:49:11:  info: Successfully started the server
2025-05-09 22:49:11:  error: Error while connecting to MongoDB
2025-05-09 22:49:18:  info: Successfully started the server
2025-05-09 22:49:18:  error: Error while connecting to MongoDB
2025-05-09 22:49:25:  info: Successfully started the server
2025-05-09 22:49:25:  error: Error while connecting to MongoDB
2025-05-09 22:50:01:  info: Successfully started the server
2025-05-09 22:50:01:  error: Error while connecting to MongoDB
2025-05-09 22:50:02:  info: Successfully started the server
2025-05-09 22:50:02:  error: Error while connecting to MongoDB
2025-05-09 22:50:44:  info: Successfully started the server
2025-05-09 22:50:44:  error: Error while connecting to MongoDB
2025-05-09 22:51:13:  info: Successfully started the server
2025-05-09 22:51:13:  error: Error while connecting to MongoDB
2025-05-09 22:51:29:  info: Successfully started the server
2025-05-09 22:51:29:  error: Error while connecting to MongoDB
2025-05-09 22:51:33:  info: Successfully started the server
2025-05-09 22:51:33:  error: Error while connecting to MongoDB
2025-05-09 22:52:37:  info: Successfully started the server
2025-05-09 22:52:37:  error: Error while connecting to MongoDB
2025-05-09 22:52:38:  info: Successfully started the server
2025-05-09 22:52:38:  error: Error while connecting to MongoDB
2025-05-09 22:52:56:  info: Successfully started the server
2025-05-09 22:52:56:  error: Error while connecting to MongoDB
2025-05-09 22:53:47:  info: Successfully started the server
2025-05-09 22:53:47:  error: Error while connecting to MongoDB
2025-05-09 22:53:50:  info: Successfully started the server
2025-05-09 22:53:50:  error: Error while connecting to MongoDB
2025-05-09 22:59:50:  info: Successfully started the server
2025-05-09 22:59:50:  error: Error while connecting to MongoDB
2025-05-09 22:59:52:  info: Successfully started the server
2025-05-09 22:59:52:  error: Error while connecting to MongoDB
2025-05-09 22:59:55:  info: Successfully started the server
2025-05-09 22:59:55:  error: Error while connecting to MongoDB
2025-05-09 22:59:58:  info: Successfully started the server
2025-05-09 22:59:58:  error: Error while connecting to MongoDB
2025-05-09 23:00:13:  info: Successfully started the server
2025-05-09 23:00:13:  error: Error while connecting to MongoDB
2025-05-09 23:00:14:  info: Successfully started the server
2025-05-09 23:00:14:  error: Error while connecting to MongoDB
2025-05-09 23:01:16:  info: Successfully started the server
2025-05-09 23:01:16:  error: Error while connecting to MongoDB
2025-05-09 23:01:19:  info: Successfully started the server
2025-05-09 23:01:19:  error: Error while connecting to MongoDB
2025-05-09 23:04:08:  info: Successfully started the server
2025-05-09 23:04:08:  error: Error while connecting to MongoDB
2025-05-09 23:04:39:  info: Successfully started the server
2025-05-09 23:04:39:  error: Error while connecting to MongoDB
2025-05-09 23:04:41:  info: Successfully started the server
2025-05-09 23:04:41:  error: Error while connecting to MongoDB
2025-05-09 23:05:44:  info: Successfully started the server
2025-05-09 23:05:44:  info: Mongoose connection established
2025-05-09 23:05:45:  info: Successfully started the server
2025-05-09 23:05:45:  info: Mongoose connection established
2025-05-09 23:06:02:  info: Successfully started the server
2025-05-09 23:06:02:  info: Mongoose connection established
2025-05-09 23:06:11:  info: Successfully started the server
2025-05-09 23:06:11:  info: Mongoose connection established
2025-05-09 23:06:12:  info: Successfully started the server
2025-05-09 23:06:12:  info: Mongoose connection established
2025-05-09 23:06:44:  info: Successfully started the server
2025-05-09 23:06:44:  info: Mongoose connection established
2025-05-09 23:07:00:  info: Successfully started the server
2025-05-09 23:07:08:  info: Successfully started the server
2025-05-09 23:07:09:  info: Successfully started the server
2025-05-09 23:07:54:  info: Successfully started the server
2025-05-09 23:08:08:  info: Successfully started the server
2025-05-09 23:08:16:  info: Successfully started the server
2025-05-09 23:08:47:  info: Successfully started the server
2025-05-09 23:08:58:  info: Successfully started the server
2025-05-09 23:09:01:  info: Successfully started the server
2025-05-09 23:09:07:  info: Successfully started the server
2025-05-09 23:09:46:  info: Successfully started the server
2025-05-09 23:09:52:  info: Successfully started the server
2025-05-09 23:10:00:  info: Successfully started the server
2025-05-09 23:10:05:  info: Successfully started the server
2025-05-09 23:10:07:  info: Successfully started the server
2025-05-09 23:10:09:  info: Successfully started the server
2025-05-09 23:10:11:  info: Successfully started the server
2025-05-09 23:10:14:  info: Successfully started the server
2025-05-09 23:10:17:  info: Successfully started the server
2025-05-09 23:10:20:  info: Successfully started the server
2025-05-09 23:10:22:  info: Successfully started the server
2025-05-09 23:11:13:  info: Successfully started the server
2025-05-09 23:11:14:  info: Successfully started the server
2025-05-09 23:11:16:  info: Successfully started the server
2025-05-09 23:11:20:  info: Successfully started the server
2025-05-09 23:11:22:  info: Successfully started the server
2025-05-09 23:11:24:  info: Successfully started the server
2025-05-09 23:11:27:  info: Successfully started the server
2025-05-09 23:12:39:  info: Successfully started the server
2025-05-09 23:13:59:  info: Successfully started the server
2025-05-09 23:14:07:  info: Successfully started the server
2025-05-09 23:14:16:  info: Successfully started the server
2025-05-09 23:17:42:  info: Successfully started the server
2025-05-09 23:17:55:  info: Successfully started the server
2025-05-09 23:17:58:  info: Successfully started the server
2025-05-09 23:18:00:  info: Successfully started the server
2025-05-09 23:18:43:  info: Successfully started the server
2025-05-09 23:18:46:  info: Successfully started the server
2025-05-09 23:19:11:  info: Successfully started the server
2025-05-09 23:19:12:  info: Successfully started the server
2025-05-09 23:19:19:  info: Successfully started the server
2025-05-09 23:19:47:  info: Successfully started the server
2025-05-09 23:19:48:  info: Successfully started the server
2025-05-09 23:20:39:  info: Successfully started the server
2025-05-09 23:21:32:  info: Successfully started the server
2025-05-09 23:21:52:  info: Successfully started the server
2025-05-09 23:22:01:  info: Successfully started the server
2025-05-09 23:22:02:  info: Successfully started the server
2025-05-09 23:22:04:  info: Successfully started the server
2025-05-09 23:22:10:  info: Successfully started the server
2025-05-09 23:22:26:  info: Successfully started the server
2025-05-09 23:22:27:  info: Successfully started the server
2025-05-09 23:22:30:  info: Successfully started the server
2025-05-09 23:22:36:  info: Successfully started the server
2025-05-09 23:23:35:  info: Successfully started the server
2025-05-09 23:23:35:  info: Successfully started the server
2025-05-09 23:23:39:  info: Successfully started the server
2025-05-09 23:24:01:  info: Successfully started the server
2025-05-09 23:28:07:  info: Successfully started the server
2025-05-09 23:28:17:  info: Successfully started the server
2025-05-09 23:29:03:  info: Successfully started the server
2025-05-09 23:29:06:  info: Successfully started the server
2025-05-09 23:30:44:  info: Successfully started the server
2025-05-09 23:31:54:  info: Successfully started the server
2025-05-09 23:31:55:  info: Successfully started the server
2025-05-09 23:32:22:  info: Successfully started the server
2025-05-09 23:34:39:  info: Successfully started the server
2025-05-09 23:35:06:  info: Successfully started the server
2025-05-09 23:36:30:  info: Successfully started the server
2025-05-09 23:36:47:  info: Successfully started the server
2025-05-09 23:37:44:  info: Successfully started the server
2025-05-09 23:37:47:  info: Successfully started the server
2025-05-09 23:38:17:  info: Successfully started the server
2025-05-09 23:38:18:  info: Successfully started the server
2025-05-09 23:43:35:  info: Successfully started the server
2025-05-09 23:44:08:  info: Successfully started the server
2025-05-09 23:44:10:  info: Successfully started the server
2025-05-09 23:44:13:  info: Successfully started the server
2025-05-09 23:44:16:  info: Successfully started the server
2025-05-09 23:44:17:  info: Successfully started the server
2025-05-09 23:45:41:  info: Successfully started the server
2025-05-09 23:45:44:  info: Successfully started the server
2025-05-09 23:45:46:  info: Successfully started the server
2025-05-09 23:46:06:  info: Successfully started the server
2025-05-09 23:46:11:  info: Successfully started the server
2025-05-09 23:46:14:  info: Successfully started the server
2025-05-09 23:46:17:  info: Successfully started the server
2025-05-09 23:46:20:  info: Successfully started the server
2025-05-09 23:46:22:  info: Successfully started the server
2025-05-09 23:46:33:  info: Successfully started the server
2025-05-09 23:46:35:  info: Successfully started the server
2025-05-09 23:46:38:  info: Successfully started the server
2025-05-09 23:46:39:  info: Successfully started the server
2025-05-09 23:47:10:  info: Successfully started the server
2025-05-09 23:47:30:  info: Successfully started the server
2025-05-09 23:48:09:  info: Successfully started the server
2025-05-09 23:48:12:  info: Successfully started the server
2025-05-09 23:48:15:  info: Successfully started the server
2025-05-09 23:48:40:  info: Successfully started the server
2025-05-09 23:50:01:  info: Successfully started the server
2025-05-09 23:51:11:  info: Successfully started the server
2025-05-09 23:51:14:  info: Successfully started the server
2025-05-09 23:51:39:  info: Successfully started the server
2025-05-09 23:53:00:  info: Successfully started the server
2025-05-09 23:53:03:  info: Successfully started the server
2025-05-09 23:53:10:  info: Successfully started the server
2025-05-09 23:53:27:  info: Successfully started the server
2025-05-09 23:53:29:  info: Successfully started the server
2025-05-09 23:53:37:  info: Successfully started the server
2025-05-09 23:53:39:  info: Successfully started the server
2025-05-09 23:53:40:  info: Successfully started the server
2025-05-09 23:54:26:  info: Successfully started the server
2025-05-09 23:54:30:  info: Successfully started the server
2025-05-09 23:54:32:  info: Successfully started the server
2025-05-09 23:54:36:  info: Successfully started the server
2025-05-09 23:54:52:  info: Successfully started the server
2025-05-09 23:55:31:  info: Successfully started the server
2025-05-10 00:00:57:  info: Successfully started the server
2025-05-10 00:02:42:  info: Successfully started the server
2025-05-10 00:02:47:  info: Successfully started the server
2025-05-10 00:02:49:  info: Successfully started the server
2025-05-10 00:03:06:  info: Successfully started the server
2025-05-11 09:42:54:  info: Successfully started the server
2025-05-11 09:44:51:  info: Successfully started the server
2025-05-11 09:44:53:  info: Successfully started the server
2025-05-11 09:44:54:  info: Successfully started the server
2025-05-11 09:45:10:  info: Successfully started the server
2025-05-11 09:45:12:  info: Successfully started the server
2025-05-11 09:46:00:  info: Successfully started the server
2025-05-11 09:46:03:  info: Successfully started the server
2025-05-11 09:46:06:  info: Successfully started the server
2025-05-11 09:46:17:  info: Successfully started the server
2025-05-11 09:46:26:  info: Successfully started the server
2025-05-11 09:46:27:  info: Successfully started the server
2025-05-11 09:46:29:  info: Successfully started the server
2025-05-11 09:46:30:  info: Successfully started the server
2025-05-11 09:46:35:  info: Successfully started the server
2025-05-11 09:46:36:  info: Successfully started the server
2025-05-11 09:46:52:  info: Successfully started the server
2025-05-11 09:47:52:  info: Successfully started the server
2025-05-11 09:47:54:  info: Successfully started the server
2025-05-11 09:49:26:  info: Successfully started the server
2025-05-11 09:49:28:  info: Successfully started the server
2025-05-11 09:49:43:  info: Successfully started the server
2025-05-11 09:49:54:  info: Successfully started the server
2025-05-11 09:49:56:  info: Successfully started the server
2025-05-11 09:50:45:  info: Successfully started the server
2025-05-11 09:51:29:  info: Successfully started the server
2025-05-11 09:51:32:  info: Successfully started the server
2025-05-11 09:51:35:  info: Successfully started the server
2025-05-11 09:51:37:  info: Successfully started the server
2025-05-11 09:51:39:  info: Successfully started the server
2025-05-11 09:53:06:  info: Successfully started the server
2025-05-11 09:53:15:  info: Successfully started the server
2025-05-11 09:53:48:  info: Successfully started the server
2025-05-11 09:53:51:  info: Successfully started the server
2025-05-11 10:03:51:  info: Successfully started the server
2025-05-11 10:03:54:  info: Successfully started the server
2025-05-11 10:15:49:  info: Successfully started the server
2025-05-11 10:15:49:  info: Successfully started the server
2025-05-11 10:19:17:  info: Successfully started the server
2025-05-11 10:19:19:  info: Successfully started the server
2025-05-11 10:19:21:  info: Successfully started the server
2025-05-11 10:25:05:  info: Successfully started the server
2025-05-11 10:25:39:  info: Successfully started the server
2025-05-11 10:26:39:  info: Successfully started the server
2025-05-11 10:26:41:  info: Successfully started the server
2025-05-11 10:26:48:  info: Successfully started the server
2025-05-11 10:26:49:  info: Successfully started the server
2025-05-11 10:52:59:  info: Successfully started the server
2025-05-11 10:53:00:  info: Successfully started the server
2025-05-11 10:55:45:  info: Successfully started the server
2025-05-11 10:55:50:  info: Successfully started the server
2025-05-11 10:55:52:  info: Successfully started the server
2025-05-11 10:55:57:  info: Successfully started the server
2025-05-11 10:56:06:  info: Successfully started the server
2025-05-11 10:56:09:  info: Successfully started the server
2025-05-11 10:56:11:  info: Successfully started the server
2025-05-11 10:56:16:  info: Successfully started the server
2025-05-11 10:56:55:  info: Successfully started the server
2025-05-11 10:56:57:  info: Successfully started the server
2025-05-11 10:57:02:  info: Successfully started the server
2025-05-11 10:57:06:  info: Successfully started the server
2025-05-11 10:57:08:  info: Successfully started the server
2025-05-11 10:57:42:  info: Successfully started the server
2025-05-11 11:00:49:  info: Successfully started the server
2025-05-11 11:00:50:  info: Successfully started the server
2025-05-11 11:01:13:  info: Successfully started the server
2025-05-11 11:01:14:  info: Successfully started the server
2025-05-11 11:02:30:  info: Successfully started the server
2025-05-11 11:06:29:  info: Successfully started the server
2025-05-11 11:06:59:  info: Successfully started the server
2025-05-11 11:07:13:  info: Successfully started the server
2025-05-11 11:07:35:  info: Successfully started the server
2025-05-11 11:09:17:  info: Successfully started the server
2025-05-11 11:09:20:  info: Successfully started the server
2025-05-11 11:11:24:  info: Successfully started the server
2025-05-11 11:14:01:  info: Successfully started the server
2025-05-11 11:15:33:  info: Successfully started the server
2025-05-11 11:15:34:  info: Successfully started the server
2025-05-11 11:16:01:  info: Successfully started the server
2025-05-11 11:18:36:  info: Successfully started the server
2025-05-11 11:18:42:  info: Successfully started the server
2025-05-11 11:19:15:  info: Successfully started the server
2025-05-11 11:33:47:  info: Successfully started the server
2025-05-11 11:33:49:  info: Successfully started the server
2025-05-11 11:34:09:  info: Successfully started the server
2025-05-11 11:34:16:  info: Successfully started the server
2025-05-11 11:34:16:  error: Failed to start server let is not defined
2025-05-11 11:34:24:  info: Successfully started the server
2025-05-11 11:35:34:  info: Successfully started the server
2025-05-11 11:35:34:  error: Failed to start server a is not defined
2025-05-11 11:35:38:  info: Successfully started the server
2025-05-11 11:35:44:  info: Successfully started the server
2025-05-11 11:35:44:  error: Failed to start server Tweet validation failed: content: Path `content` is required.
2025-05-11 11:35:47:  info: Successfully started the server
2025-05-11 11:35:47:  error: Failed to start server tweetRepo.d is not a function
2025-05-11 11:35:49:  info: Successfully started the server
2025-05-11 11:35:49:  error: Failed to start server Cast to ObjectId failed for value "{}" (type Object) at path "_id" for model "Tweet"
2025-05-11 11:35:50:  info: Successfully started the server
2025-05-11 11:35:50:  error: Failed to start server Cast to ObjectId failed for value "{}" (type Object) at path "_id" for model "Tweet"
2025-05-11 11:35:52:  info: Successfully started the server
2025-05-11 11:35:52:  error: Failed to start server Cast to ObjectId failed for value "{ id: '64f3b0a2c4d5e8f1a4b8c9e7' }" (type Object) at path "_id" for model "Tweet"
2025-05-11 11:35:57:  info: Successfully started the server
2025-05-11 11:35:57:  error: Failed to start server Cast to ObjectId failed for value "{ id: '64f3b0a2c4d5e8f1a4b8c9e7' }" (type Object) at path "_id" for model "Tweet"
2025-05-11 11:35:58:  info: Successfully started the server
2025-05-11 11:35:58:  error: Failed to start server Cast to ObjectId failed for value "{ id: '64f3b0a2c4d5e8f1a4b8c9e7' }" (type Object) at path "_id" for model "Tweet"
2025-05-11 11:36:00:  info: Successfully started the server
2025-05-11 11:36:00:  error: Failed to start server Cast to ObjectId failed for value "{ id: '64f3b0a2c4d5e8f1a4b8c9e7' }" (type Object) at path "_id" for model "Tweet"
2025-05-11 11:36:01:  info: Successfully started the server
2025-05-11 11:36:01:  error: Failed to start server Cast to ObjectId failed for value "{ id: '64f3b0a2c4d5e8f1a4b8c9e7' }" (type Object) at path "_id" for model "Tweet"
2025-05-11 11:36:08:  info: Successfully started the server
2025-05-11 11:36:08:  error: Failed to start server Cast to ObjectId failed for value "{ id: '64f3b0a2c4d5e8f1a4b8c9e7' }" (type Object) at path "_id" for model "Tweet"
2025-05-11 11:38:49:  info: Successfully started the server
2025-05-11 11:38:49:  error: Failed to start server Cast to ObjectId failed for value "{ id: '682034334cbe900127cd9188' }" (type Object) at path "_id" for model "Tweet"
2025-05-11 11:39:53:  info: Successfully started the server
2025-05-11 11:39:54:  info: Successfully started the server
2025-05-11 11:40:14:  info: Successfully started the server
2025-05-11 11:40:15:  error: Error occurred: Cast to ObjectId failed for value "" (type string) at path "_id" for model "Tweet"
2025-05-11 11:40:18:  info: Successfully started the server
2025-05-11 11:40:19:  info: Successfully started the server
2025-05-11 11:40:19:  error: Error occurred: Cast to ObjectId failed for value "{}" (type Object) at path "_id" for model "Tweet"
2025-05-11 11:40:21:  info: Successfully started the server
2025-05-11 11:40:21:  error: Error occurred: Cast to ObjectId failed for value "{ id: '64f1a0b2c4d3e4f8b8c8e4d5' }" (type Object) at path "_id" for model "Tweet"
2025-05-11 11:40:25:  info: Successfully started the server
2025-05-11 11:40:25:  error: Error occurred: Cast to ObjectId failed for value "{ id: '' }" (type Object) at path "_id" for model "Tweet"
2025-05-11 11:40:28:  info: Successfully started the server
2025-05-11 11:40:28:  error: Error occurred: Cast to ObjectId failed for value "{ id: '682034334cbe900127cd9188' }" (type Object) at path "_id" for model "Tweet"
2025-05-11 11:40:29:  info: Successfully started the server
2025-05-11 11:40:29:  error: Error occurred: Cast to ObjectId failed for value "{ id: '682034334cbe900127cd9188' }" (type Object) at path "_id" for model "Tweet"
2025-05-11 11:41:24:  info: Successfully started the server
2025-05-11 11:41:24:  error: Error occurred: Cast to ObjectId failed for value "{ id: '68203e32c1f10b071d291adf' }" (type Object) at path "_id" for model "Tweet"
2025-05-11 11:42:18:  info: Successfully started the server
2025-05-11 11:43:12:  info: Successfully started the server
2025-05-11 11:43:16:  info: Successfully started the server
2025-05-11 11:45:14:  info: Successfully started the server
2025-05-11 11:45:20:  info: Successfully started the server
2025-05-11 11:45:23:  info: Successfully started the server
2025-05-11 11:45:27:  info: Successfully started the server
2025-05-11 11:47:07:  info: Successfully started the server
2025-05-11 11:47:09:  info: Successfully started the server
2025-05-11 11:47:31:  info: Successfully started the server
2025-05-11 11:48:00:  info: Successfully started the server
2025-05-11 11:48:25:  info: Successfully started the server
2025-05-11 11:48:32:  info: Successfully started the server
2025-05-11 11:48:38:  info: Successfully started the server
2025-05-11 11:48:41:  info: Successfully started the server
2025-05-11 11:48:49:  info: Successfully started the server
2025-05-11 11:49:46:  info: Successfully started the server
2025-05-11 11:49:50:  info: Successfully started the server
2025-05-11 11:49:53:  info: Successfully started the server
2025-05-11 11:50:03:  info: Successfully started the server
2025-05-11 11:50:08:  info: Successfully started the server
2025-05-11 11:50:10:  info: Successfully started the server
2025-05-11 11:50:11:  info: Successfully started the server
2025-05-11 11:50:14:  info: Successfully started the server
